\BOOKMARK [0][-]{Doc-Start}{\376\377\123\343\212\146\131\324\124\341\147\003\133\351\133\232\146\370}{}% 1
\BOOKMARK [0][-]{Doc-Start}{\376\377\212\214\213\035}{}% 2
\BOOKMARK [0][-]{Doc-Start}{\376\377\116\055\145\207\144\130\211\201}{}% 3
\BOOKMARK [0][-]{chapter.1}{\376\377\134\016\212\326}{}% 4
\BOOKMARK [1][-]{section.1.1}{\376\377\170\024\172\166\122\325\152\137}{chapter.1}% 5
\BOOKMARK [1][-]{section.1.2}{\376\377\170\024\172\166\145\271\124\021}{chapter.1}% 6
\BOOKMARK [1][-]{section.1.3}{\376\377\172\340\173\300\133\211\143\222}{chapter.1}% 7
\BOOKMARK [0][-]{chapter.2}{\376\377\200\314\146\157\167\345\213\130}{}% 8
\BOOKMARK [1][-]{section.2.1}{\376\377\214\307\212\012\152\242\175\042\202\007\212\236\227\363\214\307\212\012\152\242\175\042}{chapter.2}% 9
\BOOKMARK [2][-]{subsection.2.1.1}{\376\377\214\307\212\012\152\242\175\042}{section.2.1}% 10
\BOOKMARK [2][-]{subsection.2.1.2}{\376\377\212\236\227\363\214\307\212\012\152\242\175\042}{section.2.1}% 11
\BOOKMARK [2][-]{subsection.2.1.3}{\376\377\162\107\153\265\137\017\122\325\141\113\146\102\225\223\150\041\156\226\000\040\000\050\000S\000e\000g\000m\000e\000n\000t\000a\000l\000\040\000D\000T\000W\000\051}{section.2.1}% 12
\BOOKMARK [2][-]{subsection.2.1.4}{\376\377\214\307\212\012\152\242\175\042\212\125\117\060\152\137\122\066}{section.2.1}% 13
\BOOKMARK [1][-]{section.2.2}{\376\377\155\361\134\144\230\136\171\136\175\223\175\262\215\357\377\010\000D\000e\000e\000p\000\040\000N\000e\000u\000r\000a\000l\000\040\000N\000e\000t\000w\000o\000r\000k\000,\000\040\000D\000N\000N\377\011}{chapter.2}% 14
\BOOKMARK [2][-]{subsection.2.2.1}{\376\377\174\041\116\313}{section.2.2}% 15
\BOOKMARK [2][-]{subsection.2.2.2}{\376\377\220\113\117\134\123\237\164\006}{section.2.2}% 16
\BOOKMARK [2][-]{subsection.2.2.3}{\376\377\212\023\175\364\230\136\171\136\175\223\175\262\215\357}{section.2.2}% 17
\BOOKMARK [2][-]{subsection.2.2.4}{\376\377\230\136\171\136\175\223\175\262\215\357\166\204\126\360\226\343}{section.2.2}% 18
\BOOKMARK [1][-]{section.2.3}{\376\377\220\136\217\364\137\017\230\136\171\136\175\223\175\262\215\357\377\010\000R\000e\000c\000u\000r\000r\000e\000n\000t\000\040\000N\000e\000u\000r\000a\000l\000\040\000N\000e\000t\000w\000o\000r\000k\000,\000R\000N\000N\377\011}{chapter.2}% 19
\BOOKMARK [2][-]{subsection.2.3.1}{\376\377\174\041\116\313}{section.2.3}% 20
\BOOKMARK [2][-]{subsection.2.3.2}{\376\377\220\113\117\134\123\237\164\006}{section.2.3}% 21
\BOOKMARK [2][-]{subsection.2.3.3}{\376\377\154\277\146\102\225\223\123\315\124\021\120\263\144\255\157\024\173\227\154\325}{section.2.3}% 22
\BOOKMARK [2][-]{subsection.2.3.4}{\376\377\225\167\167\355\147\037\212\030\141\266\171\136\175\223\175\262\215\357}{section.2.3}% 23
\BOOKMARK [1][-]{section.2.4}{\376\377\147\054\172\340\176\075\175\120}{chapter.2}% 24
\BOOKMARK [0][-]{chapter.3}{\376\377\116\345\220\136\217\364\137\017\230\136\171\136\175\223\175\262\215\357\116\113\123\343\212\236\212\136\137\131\120\165\156\054}{}% 25
\BOOKMARK [1][-]{section.3.1}{\376\377\174\041\116\313}{chapter.3}% 26
\BOOKMARK [1][-]{section.3.2}{\376\377\122\051\165\050\220\136\217\364\137\017\171\136\175\223\175\262\215\357\166\204\147\345\212\142\212\136\162\171\137\265\124\021\221\317\210\150\171\072\154\325}{chapter.3}% 27
\BOOKMARK [0][-]{section*.24}{\376\377\123\303\200\003\145\207\163\173}{}% 28
